<?xml version="1.0" encoding="UTF-8"?>
<!-- Generated by org.testng.reporters.JUnitReportReporter -->
<testsuite skipped="0" hostname="HIGURL60281" name="com.test.tests.TestSample" tests="2" failures="0" timestamp="30 Oct 2018 05:47:03 GMT" time="0.013" errors="0">
  <testcase name="test1" time="0.013" classname="com.test.tests.TestSample"/>
  <testcase name="test2" time="0.000" classname="com.test.tests.TestSample"/>
</testsuite> <!-- com.test.tests.TestSample -->
